--------------------------------------
Running PBS prologue script
--------------------------------------
User and Job Data:
--------------------------------------
Job ID:    697615.qb3
Username:  johnmdo
Group:     latechusers
Date:      23-Sep-2019 21:33
Node:      qb045 (45333)
--------------------------------------
PBS has allocated the following nodes:

qb045

A total of 20 processors on 1 nodes allocated
---------------------------------------------
Check nodes and clean them of stray processes
---------------------------------------------
Checking node qb045 21:33:08 
Done clearing all the allocated nodes
------------------------------------------------------
Concluding PBS prologue script - 23-Sep-2019 21:33:08
------------------------------------------------------

                            < M A T L A B (R) >
                  Copyright 1984-2017 The MathWorks, Inc.
                   R2017a (9.2.0.556344) 64-bit (glnxa64)
                               March 27, 2017

 
To get started, type one of these: helpwin, helpdesk, or demo.
For product information, visit www.mathworks.com.
 
Starting parallel pool (parpool) using the 'local' profile ...
connected to 1 workers.
Parallel pool using the 'local' profile is shutting down.
   10.8569

Starting parallel pool (parpool) using the 'local' profile ...
connected to 2 workers.
Parallel pool using the 'local' profile is shutting down.
    6.8430

Starting parallel pool (parpool) using the 'local' profile ...
connected to 3 workers.
Parallel pool using the 'local' profile is shutting down.
    5.1535

Starting parallel pool (parpool) using the 'local' profile ...
connected to 4 workers.
Parallel pool using the 'local' profile is shutting down.
    6.8649

Starting parallel pool (parpool) using the 'local' profile ...
connected to 5 workers.
Parallel pool using the 'local' profile is shutting down.
    4.6201

Starting parallel pool (parpool) using the 'local' profile ...
connected to 6 workers.
Parallel pool using the 'local' profile is shutting down.
    6.8615

Starting parallel pool (parpool) using the 'local' profile ...
connected to 7 workers.
Parallel pool using the 'local' profile is shutting down.
    4.2442

Starting parallel pool (parpool) using the 'local' profile ...
connected to 8 workers.
Parallel pool using the 'local' profile is shutting down.
    6.9084

Starting parallel pool (parpool) using the 'local' profile ...
connected to 9 workers.
Parallel pool using the 'local' profile is shutting down.
    6.8493

Starting parallel pool (parpool) using the 'local' profile ...
connected to 10 workers.
Parallel pool using the 'local' profile is shutting down.
    6.8924

Starting parallel pool (parpool) using the 'local' profile ...
connected to 11 workers.
Parallel pool using the 'local' profile is shutting down.
    6.8235

Starting parallel pool (parpool) using the 'local' profile ...
connected to 12 workers.
Parallel pool using the 'local' profile is shutting down.
    6.8249

Starting parallel pool (parpool) using the 'local' profile ...
connected to 13 workers.
Parallel pool using the 'local' profile is shutting down.
    4.2838

Starting parallel pool (parpool) using the 'local' profile ...
connected to 14 workers.
Parallel pool using the 'local' profile is shutting down.
    6.8499

Starting parallel pool (parpool) using the 'local' profile ...
connected to 15 workers.
Parallel pool using the 'local' profile is shutting down.
    6.9265

Starting parallel pool (parpool) using the 'local' profile ...
connected to 16 workers.
Parallel pool using the 'local' profile is shutting down.
    7.1645

Starting parallel pool (parpool) using the 'local' profile ...
connected to 17 workers.
Parallel pool using the 'local' profile is shutting down.
    7.1047

Starting parallel pool (parpool) using the 'local' profile ...
connected to 18 workers.
Parallel pool using the 'local' profile is shutting down.
    7.1225

Starting parallel pool (parpool) using the 'local' profile ...
connected to 19 workers.
Parallel pool using the 'local' profile is shutting down.
    7.1632

Starting parallel pool (parpool) using the 'local' profile ...
connected to 20 workers.
Parallel pool using the 'local' profile is shutting down.
    5.4708

>> ------------------------------------------------------
Running PBS epilogue script    - 23-Sep-2019 21:41:24
------------------------------------------------------
Checking node qb045 (MS)
Checking node qb045 ok
------------------------------------------------------
Concluding PBS epilogue script - 23-Sep-2019 21:41:26
------------------------------------------------------
Exit Status:     0
Job ID:          697615.qb3
Username:        johnmdo
Group:           latechusers
Job Name:        myjob0
Session Id:      45332
Resource Limits: ncpus=1,neednodes=1:ppn=20,nodes=1:ppn=20,walltime=01:00:00
Resources Used:  cput=00:34:26,mem=10336852kb,vmem=69818800kb,walltime=00:08:18
Queue Used:      workq
Account String:  loni_cyen405
Node:            qb045
Process id:      55727
------------------------------------------------------
